<?xml version='1.0' encoding='UTF-8'?>
<testsuite hostname="rin" name="CodeGenSuite" tests="3" errors="0" failures="0" skipped="0" time="0.526">
                     <properties>
[...]
</properties>
                     <testcase classname="CodeGenSuite" name="simple program =&gt; print 5" time="0.435">
                                                 
                                               </testcase><testcase classname="CodeGenSuite" name="another simple program =&gt; print 125" time="0.047">
                                                 
                                               </testcase><testcase classname="CodeGenSuite" name="special program =&gt; print 0" time="0.044">
                                                 
                                               </testcase>
                     <system-out><![CDATA[]]></system-out>
                     <system-err><![CDATA[]]></system-err>
                   </testsuite>