<?xml version='1.0' encoding='UTF-8'?>
<testsuite hostname="rin" name="LexerSuite" tests="100" errors="0" failures="2" skipped="0" time="5.059">
                     <properties>
      <property name="jline.esc.timeout" value="0"/><property name="java.runtime.name" value="Java(TM) SE Runtime Environment"/><property name="sun.boot.library.path" value="C:\Program Files\Java\jdk1.8.0_144\jre\bin"/><property name="java.vm.version" value="25.144-b01"/><property name="java.vm.vendor" value="Oracle Corporation"/><property name="java.vendor.url" value="http://java.oracle.com/"/><property name="path.separator" value=";"/><property name="java.vm.name" value="Java HotSpot(TM) 64-Bit Server VM"/><property name="file.encoding.pkg" value="sun.io"/><property name="user.country" value="US"/><property name="user.script" value=""/><property name="sun.java.launcher" value="SUN_STANDARD"/><property name="sun.os.patch.level" value=""/><property name="java.vm.specification.name" value="Java Virtual Machine Specification"/><property name="user.dir" value="C:\Users\rin.RIN\Desktop\ass2"/><property name="java.runtime.version" value="1.8.0_144-b01"/><property name="java.awt.graphicsenv" value="sun.awt.Win32GraphicsEnvironment"/><property name="java.endorsed.dirs" value="C:\Program Files\Java\jdk1.8.0_144\jre\lib\endorsed"/><property name="os.arch" value="amd64"/><property name="java.io.tmpdir" value="C:\Users\rin.RIN\AppData\Local\Temp\"/><property name="line.separator" value="
"/><property name="java.vm.specification.vendor" value="Oracle Corporation"/><property name="user.variant" value=""/><property name="os.name" value="Windows 10"/><property name="sun.jnu.encoding" value="Cp1252"/><property name="java.library.path" value="C:\Program Files\Java\jdk1.8.0_144\bin;C:\WINDOWS\Sun\Java\bin;C:\WINDOWS\system32;C:\WINDOWS;C:\Program Files\Java\jdk1.8.0_144\bin;C:\ProgramData\Oracle\Java\javapath;C:\WINDOWS\system32;C:\WINDOWS;C:\WINDOWS\System32\Wbem;C:\WINDOWS\System32\WindowsPowerShell\v1.0\;C:\Program Files (x86)\sbt\bin;C:\Users\rin.RIN\AppData\Local\Microsoft\WindowsApps;;."/><property name="java.specification.name" value="Java Platform API Specification"/><property name="java.class.version" value="52.0"/><property name="sun.management.compiler" value="HotSpot 64-Bit Tiered Compilers"/><property name="os.version" value="10.0"/><property name="user.home" value="C:\Users\rin.RIN"/><property name="user.timezone" value="Asia/Bangkok"/><property name="java.awt.printerjob" value="sun.awt.windows.WPrinterJob"/><property name="file.encoding" value="Cp1252"/><property name="java.specification.version" value="1.8"/><property name="sbt.log.format" value="true"/><property name="java.class.path" value="C:\Program Files (x86)\sbt\bin\sbt-launch.jar"/><property name="user.name" value="rin"/><property name="jline.shutdownhook" value="false"/><property name="java.vm.specification.version" value="1.8"/><property name="sun.java.command" value="xsbt.boot.Boot"/><property name="java.home" value="C:\Program Files\Java\jdk1.8.0_144\jre"/><property name="sun.arch.data.model" value="64"/><property name="user.language" value="en"/><property name="java.specification.vendor" value="Oracle Corporation"/><property name="awt.toolkit" value="sun.awt.windows.WToolkit"/><property name="java.vm.info" value="mixed mode"/><property name="java.version" value="1.8.0_144"/><property name="java.ext.dirs" value="C:\Program Files\Java\jdk1.8.0_144\jre\lib\ext;C:\WINDOWS\Sun\Java\lib\ext"/><property name="sun.boot.class.path" value="C:\Program Files\Java\jdk1.8.0_144\jre\lib\resources.jar;C:\Program Files\Java\jdk1.8.0_144\jre\lib\rt.jar;C:\Program Files\Java\jdk1.8.0_144\jre\lib\sunrsasign.jar;C:\Program Files\Java\jdk1.8.0_144\jre\lib\jsse.jar;C:\Program Files\Java\jdk1.8.0_144\jre\lib\jce.jar;C:\Program Files\Java\jdk1.8.0_144\jre\lib\charsets.jar;C:\Program Files\Java\jdk1.8.0_144\jre\lib\jfr.jar;C:\Program Files\Java\jdk1.8.0_144\jre\classes"/><property name="java.vendor" value="Oracle Corporation"/><property name="sun.stderr.encoding" value="cp437"/><property name="file.separator" value="\"/><property name="java.vendor.url.bug" value="http://bugreport.sun.com/bugreport/"/><property name="sun.io.unicode.encoding" value="UnicodeLittle"/><property name="sun.cpu.endian" value="little"/><property name="sun.stdout.encoding" value="cp437"/><property name="sun.desktop" value="windows"/><property name="sun.cpu.isalist" value="amd64"/>
    </properties>
                     <testcase classname="LexerSuite" name="Lexer 1: Block comment in line" time="0.315">
                                                 <failure message="LexerSuite.this.checkLex(input, expect, 1) was false" type="org.scalatest.exceptions.TestFailedException">org.scalatest.exceptions.TestFailedException: LexerSuite.this.checkLex(input, expect, 1) was false
	at org.scalatest.Assertions.newAssertionFailedException(Assertions.scala:528)
	at org.scalatest.Assertions.newAssertionFailedException$(Assertions.scala:527)
	at org.scalatest.FunSuite.newAssertionFailedException(FunSuite.scala:1560)
	at org.scalatest.Assertions$AssertionsHelper.macroAssert(Assertions.scala:501)
	at LexerSuite.$anonfun$new$1(LexerSuite.scala:12)
	at org.scalatest.OutcomeOf.outcomeOf(OutcomeOf.scala:85)
	at org.scalatest.OutcomeOf.outcomeOf$(OutcomeOf.scala:83)
	at org.scalatest.OutcomeOf$.outcomeOf(OutcomeOf.scala:104)
	at org.scalatest.Transformer.apply(Transformer.scala:22)
	at org.scalatest.Transformer.apply(Transformer.scala:20)
	at org.scalatest.FunSuiteLike$$anon$1.apply(FunSuiteLike.scala:186)
	at org.scalatest.TestSuite.withFixture(TestSuite.scala:196)
	at org.scalatest.TestSuite.withFixture$(TestSuite.scala:195)
	at org.scalatest.FunSuite.withFixture(FunSuite.scala:1560)
	at org.scalatest.FunSuiteLike.invokeWithFixture$1(FunSuiteLike.scala:184)
	at org.scalatest.FunSuiteLike.$anonfun$runTest$1(FunSuiteLike.scala:196)
	at org.scalatest.SuperEngine.runTestImpl(Engine.scala:289)
	at org.scalatest.FunSuiteLike.runTest(FunSuiteLike.scala:196)
	at org.scalatest.FunSuiteLike.runTest$(FunSuiteLike.scala:178)
	at org.scalatest.FunSuite.runTest(FunSuite.scala:1560)
	at org.scalatest.FunSuiteLike.$anonfun$runTests$1(FunSuiteLike.scala:229)
	at org.scalatest.SuperEngine.$anonfun$runTestsInBranch$1(Engine.scala:396)
	at scala.collection.immutable.List.foreach(List.scala:389)
	at org.scalatest.SuperEngine.traverseSubNodes$1(Engine.scala:384)
	at org.scalatest.SuperEngine.runTestsInBranch(Engine.scala:379)
	at org.scalatest.SuperEngine.runTestsImpl(Engine.scala:461)
	at org.scalatest.FunSuiteLike.runTests(FunSuiteLike.scala:229)
	at org.scalatest.FunSuiteLike.runTests$(FunSuiteLike.scala:228)
	at org.scalatest.FunSuite.runTests(FunSuite.scala:1560)
	at org.scalatest.Suite.run(Suite.scala:1147)
	at org.scalatest.Suite.run$(Suite.scala:1129)
	at org.scalatest.FunSuite.org$scalatest$FunSuiteLike$$super$run(FunSuite.scala:1560)
	at org.scalatest.FunSuiteLike.$anonfun$run$1(FunSuiteLike.scala:233)
	at org.scalatest.SuperEngine.runImpl(Engine.scala:521)
	at org.scalatest.FunSuiteLike.run(FunSuiteLike.scala:233)
	at org.scalatest.FunSuiteLike.run$(FunSuiteLike.scala:232)
	at org.scalatest.FunSuite.run(FunSuite.scala:1560)
	at org.scalatest.tools.Framework.org$scalatest$tools$Framework$$runSuite(Framework.scala:314)
	at org.scalatest.tools.Framework$ScalaTestTask.execute(Framework.scala:507)
	at sbt.TestRunner.runTest$1(TestFramework.scala:98)
	at sbt.TestRunner.run(TestFramework.scala:109)
	at sbt.TestFramework$$anon$2$$anonfun$$lessinit$greater$1.$anonfun$apply$1(TestFramework.scala:254)
	at sbt.TestFramework$.sbt$TestFramework$$withContextLoader(TestFramework.scala:225)
	at sbt.TestFramework$$anon$2$$anonfun$$lessinit$greater$1.apply(TestFramework.scala:254)
	at sbt.TestFramework$$anon$2$$anonfun$$lessinit$greater$1.apply(TestFramework.scala:254)
	at sbt.TestFunction.apply(TestFramework.scala:263)
	at sbt.Tests$.$anonfun$toTask$1(Tests.scala:277)
	at sbt.std.Transform$$anon$3.$anonfun$apply$2(System.scala:44)
	at sbt.std.Transform$$anon$4.work(System.scala:64)
	at sbt.Execute.$anonfun$submit$2(Execute.scala:257)
	at sbt.internal.util.ErrorHandling$.wideConvert(ErrorHandling.scala:17)
	at sbt.Execute.work(Execute.scala:266)
	at sbt.Execute.$anonfun$submit$1(Execute.scala:257)
	at sbt.ConcurrentRestrictions$$anon$4.$anonfun$submitValid$1(ConcurrentRestrictions.scala:167)
	at sbt.CompletionService$$anon$2.call(CompletionService.scala:32)
	at java.util.concurrent.FutureTask.run(FutureTask.java:266)
	at java.util.concurrent.Executors$RunnableAdapter.call(Executors.java:511)
	at java.util.concurrent.FutureTask.run(FutureTask.java:266)
	at java.util.concurrent.ThreadPoolExecutor.runWorker(ThreadPoolExecutor.java:1149)
	at java.util.concurrent.ThreadPoolExecutor$Worker.run(ThreadPoolExecutor.java:624)
	at java.lang.Thread.run(Thread.java:748)
</failure>
                                               </testcase><testcase classname="LexerSuite" name="Lexer 2: Block comment in many line" time="0.111">
                                                 
                                               </testcase><testcase classname="LexerSuite" name="Lexer 3: /* in block comment" time="0.089">
                                                 
                                               </testcase><testcase classname="LexerSuite" name="Lexer 4: */ in block comment" time="0.06">
                                                 
                                               </testcase><testcase classname="LexerSuite" name="Lexer 5: // in block comment" time="0.013">
                                                 
                                               </testcase><testcase classname="LexerSuite" name="Lexer 6: Line comment" time="0.052">
                                                 
                                               </testcase><testcase classname="LexerSuite" name="Lexer 7: /* or */ or // in line comment" time="0.056">
                                                 
                                               </testcase><testcase classname="LexerSuite" name="Lexer 8: Block and line comment" time="0.035">
                                                 
                                               </testcase><testcase classname="LexerSuite" name="Lexer 9: Not close block comment" time="0.03">
                                                 
                                               </testcase><testcase classname="LexerSuite" name="Lexer 10: ErrorToken in Vietnamese comment" time="0.018">
                                                 
                                               </testcase><testcase classname="LexerSuite" name="Lexer 11: Simple identifier" time="0.046">
                                                 
                                               </testcase><testcase classname="LexerSuite" name="Lexer 12: Identifier with underscore" time="0.033">
                                                 
                                               </testcase><testcase classname="LexerSuite" name="Lexer 13: Identifier begin with number" time="0.053">
                                                 
                                               </testcase><testcase classname="LexerSuite" name="Lexer 14: Identifier with special charater" time="0.053">
                                                 
                                               </testcase><testcase classname="LexerSuite" name="Lexer 15: Invalid identifier" time="0.027">
                                                 
                                               </testcase><testcase classname="LexerSuite" name="Lexer 16: Keyword" time="0.028">
                                                 
                                               </testcase><testcase classname="LexerSuite" name="Lexer 17: Declare variable" time="0.027">
                                                 
                                               </testcase><testcase classname="LexerSuite" name="Lexer 18: Declare function" time="0.062">
                                                 
                                               </testcase><testcase classname="LexerSuite" name="Lexer 19: If statement" time="0.038">
                                                 
                                               </testcase><testcase classname="LexerSuite" name="Lexer 20: For statement" time="0.047">
                                                 
                                               </testcase><testcase classname="LexerSuite" name="Lexer 21: Do while statement" time="0.045">
                                                 
                                               </testcase><testcase classname="LexerSuite" name="Lexer 22: Return|Break|Continue statement" time="0.042">
                                                 
                                               </testcase><testcase classname="LexerSuite" name="Lexer 23: Valid operator" time="0.028">
                                                 
                                               </testcase><testcase classname="LexerSuite" name="Lexer 24: Invalid operator |" time="0.026">
                                                 
                                               </testcase><testcase classname="LexerSuite" name="Lexer 25: Invalid operator &amp;" time="0.04">
                                                 
                                               </testcase><testcase classname="LexerSuite" name="Lexer 26: Invalid operator ^" time="0.033">
                                                 
                                               </testcase><testcase classname="LexerSuite" name="Lexer 27: Invalid operator &gt;&gt; &lt;&lt;" time="0.038">
                                                 
                                               </testcase><testcase classname="LexerSuite" name="Lexer 28: Expression with math operator" time="0.04">
                                                 
                                               </testcase><testcase classname="LexerSuite" name="Lexer 29: Expression with logic operator" time="0.042">
                                                 
                                               </testcase><testcase classname="LexerSuite" name="Lexer 30: Expression with compair operator" time="0.05">
                                                 
                                               </testcase><testcase classname="LexerSuite" name="Lexer 31: Separator" time="0.054">
                                                 
                                               </testcase><testcase classname="LexerSuite" name="Lexer 32: Expression with separator" time="0.056">
                                                 
                                               </testcase><testcase classname="LexerSuite" name="Lexer 33: Expression with separator" time="0.034">
                                                 
                                               </testcase><testcase classname="LexerSuite" name="Lexer 34: Expression with separator" time="0.044">
                                                 
                                               </testcase><testcase classname="LexerSuite" name="Lexer 35: Expression with separator" time="0.055">
                                                 
                                               </testcase><testcase classname="LexerSuite" name="Lexer 36: Valid integer literal" time="0.051">
                                                 
                                               </testcase><testcase classname="LexerSuite" name="Lexer 37: Not sign in integer literal" time="0.033">
                                                 
                                               </testcase><testcase classname="LexerSuite" name="Lexer 38: Not HEX in integer literal" time="0.029">
                                                 
                                               </testcase><testcase classname="LexerSuite" name="Lexer 39: Float literal" time="0.031">
                                                 
                                               </testcase><testcase classname="LexerSuite" name="Lexer 40: Float with exponent part" time="0.033">
                                                 
                                               </testcase><testcase classname="LexerSuite" name="Lexer 41: Invalid float + in exponent part" time="0.018">
                                                 
                                               </testcase><testcase classname="LexerSuite" name="Lexer 42: Invalid float no number in exponent part" time="0.055">
                                                 
                                               </testcase><testcase classname="LexerSuite" name="Lexer 43: Invalid float only have exponent part" time="0.045">
                                                 
                                               </testcase><testcase classname="LexerSuite" name="Lexer 44: Invalid float no decimal part and fractional part" time="0.02">
                                                 
                                               </testcase><testcase classname="LexerSuite" name="Lexer 45: Invalid float exponent number is float" time="0.034">
                                                 
                                               </testcase><testcase classname="LexerSuite" name="Lexer 46: Valid boolean literal" time="0.045">
                                                 
                                               </testcase><testcase classname="LexerSuite" name="Lexer 47: Invalid boolean literal" time="0.025">
                                                 
                                               </testcase><testcase classname="LexerSuite" name="Lexer 48: String with number and special charater" time="0.038">
                                                 
                                               </testcase><testcase classname="LexerSuite" name="Lexer 49: Simple string" time="0.035">
                                                 
                                               </testcase><testcase classname="LexerSuite" name="Lexer 50: Empty string literal" time="0.015">
                                                 
                                               </testcase><testcase classname="LexerSuite" name="Lexer 51: Block comment in string" time="0.036">
                                                 
                                               </testcase><testcase classname="LexerSuite" name="Lexer 52: Line comment in string" time="0.042">
                                                 
                                               </testcase><testcase classname="LexerSuite" name="Lexer 53: Many string" time="0.024">
                                                 
                                               </testcase><testcase classname="LexerSuite" name="Lexer 54: Many empty string" time="0.031">
                                                 
                                               </testcase><testcase classname="LexerSuite" name="Lexer 55: String in string" time="0.059">
                                                 
                                               </testcase><testcase classname="LexerSuite" name="Lexer 56: String in string" time="0.036">
                                                 
                                               </testcase><testcase classname="LexerSuite" name="Lexer 57: String with escape sequence" time="0.051">
                                                 
                                               </testcase><testcase classname="LexerSuite" name="Lexer 58: Complex string" time="0.052">
                                                 
                                               </testcase><testcase classname="LexerSuite" name="Lexer 59: Unclosed string" time="0.052">
                                                 
                                               </testcase><testcase classname="LexerSuite" name="Lexer 60: Unclosed string" time="0.091">
                                                 
                                               </testcase><testcase classname="LexerSuite" name="Lexer 61: Unclosed string" time="0.038">
                                                 
                                               </testcase><testcase classname="LexerSuite" name="Lexer 62: Unclosed string" time="0.023">
                                                 
                                               </testcase><testcase classname="LexerSuite" name="Lexer 63: Unclosed string" time="0.025">
                                                 
                                               </testcase><testcase classname="LexerSuite" name="Lexer 64: Ilegal escape string" time="0.088">
                                                 
                                               </testcase><testcase classname="LexerSuite" name="Lexer 65: Ilegal escape string" time="0.087">
                                                 
                                               </testcase><testcase classname="LexerSuite" name="Lexer 66: Ilegal escape string" time="0.328">
                                                 
                                               </testcase><testcase classname="LexerSuite" name="Lexer 67: Ilegal escape string" time="0.279">
                                                 <failure message="LexerSuite.this.checkLex(input, expect, 67) was false" type="org.scalatest.exceptions.TestFailedException">org.scalatest.exceptions.TestFailedException: LexerSuite.this.checkLex(input, expect, 67) was false
	at org.scalatest.Assertions.newAssertionFailedException(Assertions.scala:528)
	at org.scalatest.Assertions.newAssertionFailedException$(Assertions.scala:527)
	at org.scalatest.FunSuite.newAssertionFailedException(FunSuite.scala:1560)
	at org.scalatest.Assertions$AssertionsHelper.macroAssert(Assertions.scala:501)
	at LexerSuite.$anonfun$new$67(LexerSuite.scala:431)
	at org.scalatest.OutcomeOf.outcomeOf(OutcomeOf.scala:85)
	at org.scalatest.OutcomeOf.outcomeOf$(OutcomeOf.scala:83)
	at org.scalatest.OutcomeOf$.outcomeOf(OutcomeOf.scala:104)
	at org.scalatest.Transformer.apply(Transformer.scala:22)
	at org.scalatest.Transformer.apply(Transformer.scala:20)
	at org.scalatest.FunSuiteLike$$anon$1.apply(FunSuiteLike.scala:186)
	at org.scalatest.TestSuite.withFixture(TestSuite.scala:196)
	at org.scalatest.TestSuite.withFixture$(TestSuite.scala:195)
	at org.scalatest.FunSuite.withFixture(FunSuite.scala:1560)
	at org.scalatest.FunSuiteLike.invokeWithFixture$1(FunSuiteLike.scala:184)
	at org.scalatest.FunSuiteLike.$anonfun$runTest$1(FunSuiteLike.scala:196)
	at org.scalatest.SuperEngine.runTestImpl(Engine.scala:289)
	at org.scalatest.FunSuiteLike.runTest(FunSuiteLike.scala:196)
	at org.scalatest.FunSuiteLike.runTest$(FunSuiteLike.scala:178)
	at org.scalatest.FunSuite.runTest(FunSuite.scala:1560)
	at org.scalatest.FunSuiteLike.$anonfun$runTests$1(FunSuiteLike.scala:229)
	at org.scalatest.SuperEngine.$anonfun$runTestsInBranch$1(Engine.scala:396)
	at scala.collection.immutable.List.foreach(List.scala:389)
	at org.scalatest.SuperEngine.traverseSubNodes$1(Engine.scala:384)
	at org.scalatest.SuperEngine.runTestsInBranch(Engine.scala:379)
	at org.scalatest.SuperEngine.runTestsImpl(Engine.scala:461)
	at org.scalatest.FunSuiteLike.runTests(FunSuiteLike.scala:229)
	at org.scalatest.FunSuiteLike.runTests$(FunSuiteLike.scala:228)
	at org.scalatest.FunSuite.runTests(FunSuite.scala:1560)
	at org.scalatest.Suite.run(Suite.scala:1147)
	at org.scalatest.Suite.run$(Suite.scala:1129)
	at org.scalatest.FunSuite.org$scalatest$FunSuiteLike$$super$run(FunSuite.scala:1560)
	at org.scalatest.FunSuiteLike.$anonfun$run$1(FunSuiteLike.scala:233)
	at org.scalatest.SuperEngine.runImpl(Engine.scala:521)
	at org.scalatest.FunSuiteLike.run(FunSuiteLike.scala:233)
	at org.scalatest.FunSuiteLike.run$(FunSuiteLike.scala:232)
	at org.scalatest.FunSuite.run(FunSuite.scala:1560)
	at org.scalatest.tools.Framework.org$scalatest$tools$Framework$$runSuite(Framework.scala:314)
	at org.scalatest.tools.Framework$ScalaTestTask.execute(Framework.scala:507)
	at sbt.TestRunner.runTest$1(TestFramework.scala:98)
	at sbt.TestRunner.run(TestFramework.scala:109)
	at sbt.TestFramework$$anon$2$$anonfun$$lessinit$greater$1.$anonfun$apply$1(TestFramework.scala:254)
	at sbt.TestFramework$.sbt$TestFramework$$withContextLoader(TestFramework.scala:225)
	at sbt.TestFramework$$anon$2$$anonfun$$lessinit$greater$1.apply(TestFramework.scala:254)
	at sbt.TestFramework$$anon$2$$anonfun$$lessinit$greater$1.apply(TestFramework.scala:254)
	at sbt.TestFunction.apply(TestFramework.scala:263)
	at sbt.Tests$.$anonfun$toTask$1(Tests.scala:277)
	at sbt.std.Transform$$anon$3.$anonfun$apply$2(System.scala:44)
	at sbt.std.Transform$$anon$4.work(System.scala:64)
	at sbt.Execute.$anonfun$submit$2(Execute.scala:257)
	at sbt.internal.util.ErrorHandling$.wideConvert(ErrorHandling.scala:17)
	at sbt.Execute.work(Execute.scala:266)
	at sbt.Execute.$anonfun$submit$1(Execute.scala:257)
	at sbt.ConcurrentRestrictions$$anon$4.$anonfun$submitValid$1(ConcurrentRestrictions.scala:167)
	at sbt.CompletionService$$anon$2.call(CompletionService.scala:32)
	at java.util.concurrent.FutureTask.run(FutureTask.java:266)
	at java.util.concurrent.Executors$RunnableAdapter.call(Executors.java:511)
	at java.util.concurrent.FutureTask.run(FutureTask.java:266)
	at java.util.concurrent.ThreadPoolExecutor.runWorker(ThreadPoolExecutor.java:1149)
	at java.util.concurrent.ThreadPoolExecutor$Worker.run(ThreadPoolExecutor.java:624)
	at java.lang.Thread.run(Thread.java:748)
</failure>
                                               </testcase><testcase classname="LexerSuite" name="Lexer 68: Unclosed string" time="0.091">
                                                 
                                               </testcase><testcase classname="LexerSuite" name="Lexer 69: ErrorToken" time="0.055">
                                                 
                                               </testcase><testcase classname="LexerSuite" name="Lexer 70: ErrorToken" time="0.112">
                                                 
                                               </testcase><testcase classname="LexerSuite" name="Lexer 71: ErrorToken" time="0.138">
                                                 
                                               </testcase><testcase classname="LexerSuite" name="Lexer 72: ErrorToken" time="0.07">
                                                 
                                               </testcase><testcase classname="LexerSuite" name="Lexer 73: ErrorToken" time="0.042">
                                                 
                                               </testcase><testcase classname="LexerSuite" name="Lexer 74: Progarm" time="0.067">
                                                 
                                               </testcase><testcase classname="LexerSuite" name="Lexer 75: Progarm" time="0.049">
                                                 
                                               </testcase><testcase classname="LexerSuite" name="Lexer 76: Progarm" time="0.021">
                                                 
                                               </testcase><testcase classname="LexerSuite" name="Lexer 77: Progarm" time="0.059">
                                                 
                                               </testcase><testcase classname="LexerSuite" name="Lexer 78: Progarm" time="0.057">
                                                 
                                               </testcase><testcase classname="LexerSuite" name="Lexer 79: Progarm" time="0.049">
                                                 
                                               </testcase><testcase classname="LexerSuite" name="Lexer 80: Progarm" time="0.041">
                                                 
                                               </testcase><testcase classname="LexerSuite" name="Lexer 81: Progarm" time="0.023">
                                                 
                                               </testcase><testcase classname="LexerSuite" name="Lexer 82: Progarm" time="0.019">
                                                 
                                               </testcase><testcase classname="LexerSuite" name="Lexer 83: Operator ++" time="0.022">
                                                 
                                               </testcase><testcase classname="LexerSuite" name="Lexer 84: Operator --" time="0.013">
                                                 
                                               </testcase><testcase classname="LexerSuite" name="Lexer 86: OR expression" time="0.031">
                                                 
                                               </testcase><testcase classname="LexerSuite" name="Lexer 86: AND expression" time="0.032">
                                                 
                                               </testcase><testcase classname="LexerSuite" name="Lexer 87: Less than operator" time="0.016">
                                                 
                                               </testcase><testcase classname="LexerSuite" name="Lexer 88: Greater than operator" time="0.02">
                                                 
                                               </testcase><testcase classname="LexerSuite" name="Lexer 89: Less than or equal operator" time="0.035">
                                                 
                                               </testcase><testcase classname="LexerSuite" name="Lexer 90: Greater than or equal operator" time="0.044">
                                                 
                                               </testcase><testcase classname="LexerSuite" name="Lexer 91: Not equal operator" time="0.027">
                                                 
                                               </testcase><testcase classname="LexerSuite" name="Lexer 92: Equal operator" time="0.022">
                                                 
                                               </testcase><testcase classname="LexerSuite" name="Lexer 93: Negative number" time="0.035">
                                                 
                                               </testcase><testcase classname="LexerSuite" name="Lexer 94: Initialize int variable" time="0.029">
                                                 
                                               </testcase><testcase classname="LexerSuite" name="Lexer 95: Initialize float variable" time="0.027">
                                                 
                                               </testcase><testcase classname="LexerSuite" name="Lexer 96: Initialize boolean variable" time="0.028">
                                                 
                                               </testcase><testcase classname="LexerSuite" name="Lexer 97: Initialize string variable" time="0.021">
                                                 
                                               </testcase><testcase classname="LexerSuite" name="Lexer 98: Array declaration" time="0.048">
                                                 
                                               </testcase><testcase classname="LexerSuite" name="Lexer 99: Array index" time="0.022">
                                                 
                                               </testcase><testcase classname="LexerSuite" name="Lexer 100: Hello World" time="0.025">
                                                 
                                               </testcase>
                     <system-out><![CDATA[]]></system-out>
                     <system-err><![CDATA[]]></system-err>
                   </testsuite>