<?xml version='1.0' encoding='UTF-8'?>
<testsuite hostname="rin" name="ParserSuite" tests="100" errors="0" failures="1" skipped="0" time="5.5">
                     <properties>
      <property name="jline.esc.timeout" value="0"/><property name="java.runtime.name" value="Java(TM) SE Runtime Environment"/><property name="sun.boot.library.path" value="C:\Program Files\Java\jdk1.8.0_144\jre\bin"/><property name="java.vm.version" value="25.144-b01"/><property name="java.vm.vendor" value="Oracle Corporation"/><property name="java.vendor.url" value="http://java.oracle.com/"/><property name="path.separator" value=";"/><property name="java.vm.name" value="Java HotSpot(TM) 64-Bit Server VM"/><property name="file.encoding.pkg" value="sun.io"/><property name="user.country" value="US"/><property name="user.script" value=""/><property name="sun.java.launcher" value="SUN_STANDARD"/><property name="sun.os.patch.level" value=""/><property name="java.vm.specification.name" value="Java Virtual Machine Specification"/><property name="user.dir" value="C:\Users\rin.RIN\Desktop\ass2"/><property name="java.runtime.version" value="1.8.0_144-b01"/><property name="java.awt.graphicsenv" value="sun.awt.Win32GraphicsEnvironment"/><property name="java.endorsed.dirs" value="C:\Program Files\Java\jdk1.8.0_144\jre\lib\endorsed"/><property name="os.arch" value="amd64"/><property name="java.io.tmpdir" value="C:\Users\rin.RIN\AppData\Local\Temp\"/><property name="line.separator" value="
"/><property name="java.vm.specification.vendor" value="Oracle Corporation"/><property name="user.variant" value=""/><property name="os.name" value="Windows 10"/><property name="sun.jnu.encoding" value="Cp1252"/><property name="java.library.path" value="C:\Program Files\Java\jdk1.8.0_144\bin;C:\WINDOWS\Sun\Java\bin;C:\WINDOWS\system32;C:\WINDOWS;C:\Program Files\Java\jdk1.8.0_144\bin;C:\ProgramData\Oracle\Java\javapath;C:\WINDOWS\system32;C:\WINDOWS;C:\WINDOWS\System32\Wbem;C:\WINDOWS\System32\WindowsPowerShell\v1.0\;C:\Program Files (x86)\sbt\bin;C:\Users\rin.RIN\AppData\Local\Microsoft\WindowsApps;;."/><property name="java.specification.name" value="Java Platform API Specification"/><property name="java.class.version" value="52.0"/><property name="sun.management.compiler" value="HotSpot 64-Bit Tiered Compilers"/><property name="os.version" value="10.0"/><property name="user.home" value="C:\Users\rin.RIN"/><property name="user.timezone" value="Asia/Bangkok"/><property name="java.awt.printerjob" value="sun.awt.windows.WPrinterJob"/><property name="file.encoding" value="Cp1252"/><property name="java.specification.version" value="1.8"/><property name="sbt.log.format" value="true"/><property name="java.class.path" value="C:\Program Files (x86)\sbt\bin\sbt-launch.jar"/><property name="user.name" value="rin"/><property name="jline.shutdownhook" value="false"/><property name="java.vm.specification.version" value="1.8"/><property name="sun.java.command" value="xsbt.boot.Boot"/><property name="java.home" value="C:\Program Files\Java\jdk1.8.0_144\jre"/><property name="sun.arch.data.model" value="64"/><property name="user.language" value="en"/><property name="java.specification.vendor" value="Oracle Corporation"/><property name="awt.toolkit" value="sun.awt.windows.WToolkit"/><property name="java.vm.info" value="mixed mode"/><property name="java.version" value="1.8.0_144"/><property name="java.ext.dirs" value="C:\Program Files\Java\jdk1.8.0_144\jre\lib\ext;C:\WINDOWS\Sun\Java\lib\ext"/><property name="sun.boot.class.path" value="C:\Program Files\Java\jdk1.8.0_144\jre\lib\resources.jar;C:\Program Files\Java\jdk1.8.0_144\jre\lib\rt.jar;C:\Program Files\Java\jdk1.8.0_144\jre\lib\sunrsasign.jar;C:\Program Files\Java\jdk1.8.0_144\jre\lib\jsse.jar;C:\Program Files\Java\jdk1.8.0_144\jre\lib\jce.jar;C:\Program Files\Java\jdk1.8.0_144\jre\lib\charsets.jar;C:\Program Files\Java\jdk1.8.0_144\jre\lib\jfr.jar;C:\Program Files\Java\jdk1.8.0_144\jre\classes"/><property name="java.vendor" value="Oracle Corporation"/><property name="sun.stderr.encoding" value="cp437"/><property name="file.separator" value="\"/><property name="java.vendor.url.bug" value="http://bugreport.sun.com/bugreport/"/><property name="sun.io.unicode.encoding" value="UnicodeLittle"/><property name="sun.cpu.endian" value="little"/><property name="sun.stdout.encoding" value="cp437"/><property name="sun.desktop" value="windows"/><property name="sun.cpu.isalist" value="amd64"/>
    </properties>
                     <testcase classname="ParserSuite" name="Parser 1: A simple program" time="0.339">
                                                 <failure message="ParserSuite.this.checkRec(input, expect, 101) was false" type="org.scalatest.exceptions.TestFailedException">org.scalatest.exceptions.TestFailedException: ParserSuite.this.checkRec(input, expect, 101) was false
	at org.scalatest.Assertions.newAssertionFailedException(Assertions.scala:528)
	at org.scalatest.Assertions.newAssertionFailedException$(Assertions.scala:527)
	at org.scalatest.FunSuite.newAssertionFailedException(FunSuite.scala:1560)
	at org.scalatest.Assertions$AssertionsHelper.macroAssert(Assertions.scala:501)
	at ParserSuite.$anonfun$new$1(ParserSuite.scala:13)
	at org.scalatest.OutcomeOf.outcomeOf(OutcomeOf.scala:85)
	at org.scalatest.OutcomeOf.outcomeOf$(OutcomeOf.scala:83)
	at org.scalatest.OutcomeOf$.outcomeOf(OutcomeOf.scala:104)
	at org.scalatest.Transformer.apply(Transformer.scala:22)
	at org.scalatest.Transformer.apply(Transformer.scala:20)
	at org.scalatest.FunSuiteLike$$anon$1.apply(FunSuiteLike.scala:186)
	at org.scalatest.TestSuite.withFixture(TestSuite.scala:196)
	at org.scalatest.TestSuite.withFixture$(TestSuite.scala:195)
	at org.scalatest.FunSuite.withFixture(FunSuite.scala:1560)
	at org.scalatest.FunSuiteLike.invokeWithFixture$1(FunSuiteLike.scala:184)
	at org.scalatest.FunSuiteLike.$anonfun$runTest$1(FunSuiteLike.scala:196)
	at org.scalatest.SuperEngine.runTestImpl(Engine.scala:289)
	at org.scalatest.FunSuiteLike.runTest(FunSuiteLike.scala:196)
	at org.scalatest.FunSuiteLike.runTest$(FunSuiteLike.scala:178)
	at org.scalatest.FunSuite.runTest(FunSuite.scala:1560)
	at org.scalatest.FunSuiteLike.$anonfun$runTests$1(FunSuiteLike.scala:229)
	at org.scalatest.SuperEngine.$anonfun$runTestsInBranch$1(Engine.scala:396)
	at scala.collection.immutable.List.foreach(List.scala:389)
	at org.scalatest.SuperEngine.traverseSubNodes$1(Engine.scala:384)
	at org.scalatest.SuperEngine.runTestsInBranch(Engine.scala:379)
	at org.scalatest.SuperEngine.runTestsImpl(Engine.scala:461)
	at org.scalatest.FunSuiteLike.runTests(FunSuiteLike.scala:229)
	at org.scalatest.FunSuiteLike.runTests$(FunSuiteLike.scala:228)
	at org.scalatest.FunSuite.runTests(FunSuite.scala:1560)
	at org.scalatest.Suite.run(Suite.scala:1147)
	at org.scalatest.Suite.run$(Suite.scala:1129)
	at org.scalatest.FunSuite.org$scalatest$FunSuiteLike$$super$run(FunSuite.scala:1560)
	at org.scalatest.FunSuiteLike.$anonfun$run$1(FunSuiteLike.scala:233)
	at org.scalatest.SuperEngine.runImpl(Engine.scala:521)
	at org.scalatest.FunSuiteLike.run(FunSuiteLike.scala:233)
	at org.scalatest.FunSuiteLike.run$(FunSuiteLike.scala:232)
	at org.scalatest.FunSuite.run(FunSuite.scala:1560)
	at org.scalatest.tools.Framework.org$scalatest$tools$Framework$$runSuite(Framework.scala:314)
	at org.scalatest.tools.Framework$ScalaTestTask.execute(Framework.scala:507)
	at sbt.TestRunner.runTest$1(TestFramework.scala:98)
	at sbt.TestRunner.run(TestFramework.scala:109)
	at sbt.TestFramework$$anon$2$$anonfun$$lessinit$greater$1.$anonfun$apply$1(TestFramework.scala:254)
	at sbt.TestFramework$.sbt$TestFramework$$withContextLoader(TestFramework.scala:225)
	at sbt.TestFramework$$anon$2$$anonfun$$lessinit$greater$1.apply(TestFramework.scala:254)
	at sbt.TestFramework$$anon$2$$anonfun$$lessinit$greater$1.apply(TestFramework.scala:254)
	at sbt.TestFunction.apply(TestFramework.scala:263)
	at sbt.Tests$.$anonfun$toTask$1(Tests.scala:277)
	at sbt.std.Transform$$anon$3.$anonfun$apply$2(System.scala:44)
	at sbt.std.Transform$$anon$4.work(System.scala:64)
	at sbt.Execute.$anonfun$submit$2(Execute.scala:257)
	at sbt.internal.util.ErrorHandling$.wideConvert(ErrorHandling.scala:17)
	at sbt.Execute.work(Execute.scala:266)
	at sbt.Execute.$anonfun$submit$1(Execute.scala:257)
	at sbt.ConcurrentRestrictions$$anon$4.$anonfun$submitValid$1(ConcurrentRestrictions.scala:167)
	at sbt.CompletionService$$anon$2.call(CompletionService.scala:32)
	at java.util.concurrent.FutureTask.run(FutureTask.java:266)
	at java.util.concurrent.Executors$RunnableAdapter.call(Executors.java:511)
	at java.util.concurrent.FutureTask.run(FutureTask.java:266)
	at java.util.concurrent.ThreadPoolExecutor.runWorker(ThreadPoolExecutor.java:1149)
	at java.util.concurrent.ThreadPoolExecutor$Worker.run(ThreadPoolExecutor.java:624)
	at java.lang.Thread.run(Thread.java:748)
</failure>
                                               </testcase><testcase classname="ParserSuite" name="Parser 2: More complex program" time="0.127">
                                                 
                                               </testcase><testcase classname="ParserSuite" name="Parser 3: Wrong program" time="0.059">
                                                 
                                               </testcase><testcase classname="ParserSuite" name="Parser 4: Valid variable declaration" time="0.07">
                                                 
                                               </testcase><testcase classname="ParserSuite" name="Parser 5: Valid variable declaration" time="0.024">
                                                 
                                               </testcase><testcase classname="ParserSuite" name="Parser 6: Valid variable declaration" time="0.064">
                                                 
                                               </testcase><testcase classname="ParserSuite" name="Parser 7: Valid variable declaration" time="0.041">
                                                 
                                               </testcase><testcase classname="ParserSuite" name="Parser 8: Valid variable declaration" time="0.031">
                                                 
                                               </testcase><testcase classname="ParserSuite" name="Parser 9: Invalid variable declaration" time="0.06">
                                                 
                                               </testcase><testcase classname="ParserSuite" name="Parser 10: Invalid array declaration" time="0.025">
                                                 
                                               </testcase><testcase classname="ParserSuite" name="Parser 11: Invalid variable declaration" time="0.039">
                                                 
                                               </testcase><testcase classname="ParserSuite" name="Parser 12: Invalid array declaration" time="0.035">
                                                 
                                               </testcase><testcase classname="ParserSuite" name="Parser 13: Invalid array declaration" time="0.02">
                                                 
                                               </testcase><testcase classname="ParserSuite" name="Parser 14: Invalid array declaration" time="0.041">
                                                 
                                               </testcase><testcase classname="ParserSuite" name="Parser 15: Invalid array declaration" time="0.019">
                                                 
                                               </testcase><testcase classname="ParserSuite" name="Parser 16: Invalid array declaration" time="0.029">
                                                 
                                               </testcase><testcase classname="ParserSuite" name="Parser 17: Invalid variable declaration" time="0.021">
                                                 
                                               </testcase><testcase classname="ParserSuite" name="Parser 18: Valid function declaration" time="0.038">
                                                 
                                               </testcase><testcase classname="ParserSuite" name="Parser 19: Valid function declaration" time="0.042">
                                                 
                                               </testcase><testcase classname="ParserSuite" name="Parser 20: Valid function declaration" time="0.045">
                                                 
                                               </testcase><testcase classname="ParserSuite" name="Parser 21: Valid function declaration" time="0.052">
                                                 
                                               </testcase><testcase classname="ParserSuite" name="Parser 22: Invalid function type" time="0.056">
                                                 
                                               </testcase><testcase classname="ParserSuite" name="Parser 23: Invalid array parameter" time="0.041">
                                                 
                                               </testcase><testcase classname="ParserSuite" name="Parser 24: Invalid type parameter" time="0.061">
                                                 
                                               </testcase><testcase classname="ParserSuite" name="Parser 25: Invalid type parameter" time="0.027">
                                                 
                                               </testcase><testcase classname="ParserSuite" name="Parser 26: No body function" time="0.023">
                                                 
                                               </testcase><testcase classname="ParserSuite" name="Parser 27: Nested function" time="0.05">
                                                 
                                               </testcase><testcase classname="ParserSuite" name="Parser 28: Error in block statement" time="0.028">
                                                 
                                               </testcase><testcase classname="ParserSuite" name="Parser 29: Valid block statement" time="0.048">
                                                 
                                               </testcase><testcase classname="ParserSuite" name="Parser 30: If statement" time="0.075">
                                                 
                                               </testcase><testcase classname="ParserSuite" name="Parser 31: If else statement" time="0.043">
                                                 
                                               </testcase><testcase classname="ParserSuite" name="Parser 32: For statement" time="0.024">
                                                 
                                               </testcase><testcase classname="ParserSuite" name="Parser 33: Valid nested if-else statement" time="0.032">
                                                 
                                               </testcase><testcase classname="ParserSuite" name="Parser 34: Valid break-continue in for statement" time="0.026">
                                                 
                                               </testcase><testcase classname="ParserSuite" name="Parser 35: Valid while statement" time="0.031">
                                                 
                                               </testcase><testcase classname="ParserSuite" name="Parser 36: Valid while statement" time="0.03">
                                                 
                                               </testcase><testcase classname="ParserSuite" name="Parser 37: Nested loop statement" time="0.053">
                                                 
                                               </testcase><testcase classname="ParserSuite" name="Parser 38: Nested loop statement" time="0.04">
                                                 
                                               </testcase><testcase classname="ParserSuite" name="Parser 39: Not statement follow if" time="0.037">
                                                 
                                               </testcase><testcase classname="ParserSuite" name="Parser 40: Declare variable in block statement follow if" time="0.05">
                                                 
                                               </testcase><testcase classname="ParserSuite" name="Parser 41: Valid for statement" time="0.021">
                                                 
                                               </testcase><testcase classname="ParserSuite" name="Parser 42: No statement follow for" time="0.026">
                                                 
                                               </testcase><testcase classname="ParserSuite" name="Parser 43: Not expression1 in for statement" time="0.081">
                                                 
                                               </testcase><testcase classname="ParserSuite" name="Parser 44: Not statement follow do" time="0.038">
                                                 
                                               </testcase><testcase classname="ParserSuite" name="Parser 45: Miss SEMI after while" time="0.049">
                                                 
                                               </testcase><testcase classname="ParserSuite" name="Parser 46: Invalid expression condition" time="0.052">
                                                 
                                               </testcase><testcase classname="ParserSuite" name="Parser 47: Many relational operator(&gt;,&lt;,&lt;=,&gt;=)" time="0.042">
                                                 
                                               </testcase><testcase classname="ParserSuite" name="Parser 48: Many equality operator" time="0.056">
                                                 
                                               </testcase><testcase classname="ParserSuite" name="Parser 49: Invalid AND operator" time="0.059">
                                                 
                                               </testcase><testcase classname="ParserSuite" name="Parser 50: Invalid || operator" time="0.041">
                                                 
                                               </testcase><testcase classname="ParserSuite" name="Parser 51: invalid  ! operator" time="0.044">
                                                 
                                               </testcase><testcase classname="ParserSuite" name="Parser 52: Invalid [] operator" time="0.039">
                                                 
                                               </testcase><testcase classname="ParserSuite" name="Parser 53: Invalid [] operator" time="0.04">
                                                 
                                               </testcase><testcase classname="ParserSuite" name="Parser 54: valid [] operator" time="0.04">
                                                 
                                               </testcase><testcase classname="ParserSuite" name="Parser 55: valid [] operator" time="0.042">
                                                 
                                               </testcase><testcase classname="ParserSuite" name="Parser 56: Invalid != operator" time="0.043">
                                                 
                                               </testcase><testcase classname="ParserSuite" name="Parser 57: Many assigment statement" time="0.021">
                                                 
                                               </testcase><testcase classname="ParserSuite" name="Parser 58: Many assigment statement" time="0.043">
                                                 
                                               </testcase><testcase classname="ParserSuite" name="Parser 59: Mix-up operator" time="0.044">
                                                 
                                               </testcase><testcase classname="ParserSuite" name="Parser 60: Valid == != operator" time="0.032">
                                                 
                                               </testcase><testcase classname="ParserSuite" name="Parser 61: Valid &lt; &gt;= &gt; &lt;= operator" time="0.039">
                                                 
                                               </testcase><testcase classname="ParserSuite" name="Parser 62: Valid [] operator" time="0.137">
                                                 
                                               </testcase><testcase classname="ParserSuite" name="Parser 63: Valid expression statement" time="0.443">
                                                 
                                               </testcase><testcase classname="ParserSuite" name="Parser 64: Valid expression statement" time="0.242">
                                                 
                                               </testcase><testcase classname="ParserSuite" name="Parser 65: Valid expression statement" time="0.088">
                                                 
                                               </testcase><testcase classname="ParserSuite" name="Parser 66: Valid expression statement" time="0.032">
                                                 
                                               </testcase><testcase classname="ParserSuite" name="Parser 67: Valid expression statement" time="0.02">
                                                 
                                               </testcase><testcase classname="ParserSuite" name="Parser 68: Valid expression statement" time="0.054">
                                                 
                                               </testcase><testcase classname="ParserSuite" name="Parser 69: Valid expression statement" time="0.122">
                                                 
                                               </testcase><testcase classname="ParserSuite" name="Parser 70: Invalid if-else statement" time="0.094">
                                                 
                                               </testcase><testcase classname="ParserSuite" name="Parser 71: Invalid if-else statement" time="0.117">
                                                 
                                               </testcase><testcase classname="ParserSuite" name="Parser 72: Invalid if-else statement" time="0.074">
                                                 
                                               </testcase><testcase classname="ParserSuite" name="Parser 73: Invalid - operator" time="0.051">
                                                 
                                               </testcase><testcase classname="ParserSuite" name="Parser 74: Valid any - operator" time="0.032">
                                                 
                                               </testcase><testcase classname="ParserSuite" name="Parser 75: Valid many ! operator" time="0.068">
                                                 
                                               </testcase><testcase classname="ParserSuite" name="Parser 76: Invalid ! operator" time="0.049">
                                                 
                                               </testcase><testcase classname="ParserSuite" name="Parser 77: Invalid + operator" time="0.037">
                                                 
                                               </testcase><testcase classname="ParserSuite" name="Parser 78: Valid - operator" time="0.04">
                                                 
                                               </testcase><testcase classname="ParserSuite" name="Parser 79: Invalid for-loop" time="0.026">
                                                 
                                               </testcase><testcase classname="ParserSuite" name="Parser 80: Valid for-loop" time="0.027">
                                                 
                                               </testcase><testcase classname="ParserSuite" name="Parser 81: Invalid name function" time="0.036">
                                                 
                                               </testcase><testcase classname="ParserSuite" name="Parser 82: Invalid do-while statement" time="0.053">
                                                 
                                               </testcase><testcase classname="ParserSuite" name="Parser 83: Valid multiple block do-while statement" time="0.04">
                                                 
                                               </testcase><testcase classname="ParserSuite" name="Parser 84: Error Token" time="0.02">
                                                 
                                               </testcase><testcase classname="ParserSuite" name="Parser 85: Unclose string" time="0.03">
                                                 
                                               </testcase><testcase classname="ParserSuite" name="Parser 86: Unclose string" time="0.03">
                                                 
                                               </testcase><testcase classname="ParserSuite" name="Parser 87: Illegal escape string" time="0.037">
                                                 
                                               </testcase><testcase classname="ParserSuite" name="Parser 88: Invalid return statement" time="0.049">
                                                 
                                               </testcase><testcase classname="ParserSuite" name="Parser 89: Invalid return statement" time="0.031">
                                                 
                                               </testcase><testcase classname="ParserSuite" name="Parser 90: Complex program" time="0.046">
                                                 
                                               </testcase><testcase classname="ParserSuite" name="Parser 91: Complex program" time="0.038">
                                                 
                                               </testcase><testcase classname="ParserSuite" name="Parser 92: Complex program" time="0.045">
                                                 
                                               </testcase><testcase classname="ParserSuite" name="Parser 93: Complex program" time="0.063">
                                                 
                                               </testcase><testcase classname="ParserSuite" name="Parser 94: Complex program" time="0.034">
                                                 
                                               </testcase><testcase classname="ParserSuite" name="Parser 95: Complex program" time="0.136">
                                                 
                                               </testcase><testcase classname="ParserSuite" name="Parser 96: Complex program" time="0.024">
                                                 
                                               </testcase><testcase classname="ParserSuite" name="Parser 97: Complex program" time="0.042">
                                                 
                                               </testcase><testcase classname="ParserSuite" name="Parser 98: Complex program" time="0.026">
                                                 
                                               </testcase><testcase classname="ParserSuite" name="Parser 99: Complex program" time="0.044">
                                                 
                                               </testcase><testcase classname="ParserSuite" name="Parser 100: Complex program" time="0.035">
                                                 
                                               </testcase>
                     <system-out><![CDATA[]]></system-out>
                     <system-err><![CDATA[]]></system-err>
                   </testsuite>