[0m[[0m[0mdebug[0m] [0m[0mRunning TaskDef(ParserSuite, org.scalatest.tools.Framework$$anon$1@3f3fe35e, false, [SuiteSelector])[0m
[0m[[0m[0mdebug[0m] [0m[0mRunning TaskDef(LexerSuite, org.scalatest.tools.Framework$$anon$1@3f3fe35e, false, [SuiteSelector])[0m
[0m[[0m[0mdebug[0m] [0m[0mRunning TaskDef(AstSuite, org.scalatest.tools.Framework$$anon$1@3f3fe35e, false, [SuiteSelector])[0m
[0m[[0m[0minfo[0m] [0m[0m[36mRun completed in 7 seconds, 355 milliseconds.[0m[0m
[0m[[0m[0minfo[0m] [0m[0m[36mTotal number of tests run: 303[0m[0m
[0m[[0m[0minfo[0m] [0m[0m[36mSuites: completed 3, aborted 0[0m[0m
[0m[[0m[0minfo[0m] [0m[0m[36mTests: succeeded 299, failed 4, canceled 0, ignored 0, pending 0[0m[0m
[0m[[0m[0minfo[0m] [0m[0m[31m*** 4 TESTS FAILED ***[0m[0m
[0m[[0m[31merror[0m] [0m[0mFailed tests:[0m
[0m[[0m[31merror[0m] [0m[0m	AstSuite[0m
[0m[[0m[31merror[0m] [0m[0m	ParserSuite[0m
[0m[[0m[31merror[0m] [0m[0m	LexerSuite[0m
[0m[[0m[31merror[0m] [0m[0m(test:[31mtest[0m) sbt.TestsFailedException: Tests unsuccessful[0m
